<?xml version="1.0" encoding="UTF-8"?>
<!-- Generated by org.testng.reporters.JUnitReportReporter -->
<testsuite hostname="Akshays-MacBook-Pro.local" name="testScripts.Login" tests="1" failures="0" timestamp="27 Mar 2018 11:44:46 GMT" time="14.422" errors="0">
  <testcase name="loginTest" time="14.422" classname="testScripts.Login"/>
</testsuite> <!-- testScripts.Login -->
