<?xml version="1.0" encoding="UTF-8"?>
<!-- Generated by org.testng.reporters.JUnitReportReporter -->
<testsuite skipped="0" hostname="IN-L1554" name="testScripts.Login" tests="1" failures="0" timestamp="25 Dec 2018 15:52:20 GMT" time="29.668" errors="0">
  <testcase name="login" time="29.668" classname="testScripts.Login"/>
</testsuite> <!-- testScripts.Login -->
