<?xml version="1.0" encoding="UTF-8"?>
<!-- Generated by org.testng.reporters.JUnitReportReporter -->
<testsuite skipped="0" hostname="IN-L1554" name="testScripts.Login" tests="1" failures="0" timestamp="15 Dec 2018 08:35:32 GMT" time="84.055" errors="0">
  <testcase name="login" time="84.055" classname="testScripts.Login"/>
</testsuite> <!-- testScripts.Login -->
